Determining if the pthread_create exist failed with the following output:
Change Dir: /home/heinen/gazebo-personal/fifth-icub/build/CMakeFiles/CMakeTmp

Run Build Command:/usr/bin/make "cmTryCompileExec1549041191/fast"
/usr/bin/make -f CMakeFiles/cmTryCompileExec1549041191.dir/build.make CMakeFiles/cmTryCompileExec1549041191.dir/build
make[1]: Entering directory `/home/heinen/gazebo-personal/fifth-icub/build/CMakeFiles/CMakeTmp'
/usr/bin/cmake -E cmake_progress_report /home/heinen/gazebo-personal/fifth-icub/build/CMakeFiles/CMakeTmp/CMakeFiles 1
Building C object CMakeFiles/cmTryCompileExec1549041191.dir/CheckSymbolExists.c.o
/usr/bin/cc    -o CMakeFiles/cmTryCompileExec1549041191.dir/CheckSymbolExists.c.o   -c /home/heinen/gazebo-personal/fifth-icub/build/CMakeFiles/CMakeTmp/CheckSymbolExists.c
Linking C executable cmTryCompileExec1549041191
/usr/bin/cmake -E cmake_link_script CMakeFiles/cmTryCompileExec1549041191.dir/link.txt --verbose=1
/usr/bin/cc       CMakeFiles/cmTryCompileExec1549041191.dir/CheckSymbolExists.c.o  -o cmTryCompileExec1549041191 -rdynamic 
CMakeFiles/cmTryCompileExec1549041191.dir/CheckSymbolExists.c.o: In function `main':
CheckSymbolExists.c:(.text+0x16): undefined reference to `pthread_create'
collect2: error: ld returned 1 exit status
make[1]: Leaving directory `/home/heinen/gazebo-personal/fifth-icub/build/CMakeFiles/CMakeTmp'
make[1]: *** [cmTryCompileExec1549041191] Error 1
make: *** [cmTryCompileExec1549041191/fast] Error 2

File /home/heinen/gazebo-personal/fifth-icub/build/CMakeFiles/CMakeTmp/CheckSymbolExists.c:
/* */
#include <pthread.h>

int main(int argc, char** argv)
{
  (void)argv;
#ifndef pthread_create
  return ((int*)(&pthread_create))[argc];
#else
  (void)argc;
  return 0;
#endif
}

Determining if the function pthread_create exists in the pthreads failed with the following output:
Change Dir: /home/heinen/gazebo-personal/fifth-icub/build/CMakeFiles/CMakeTmp

Run Build Command:/usr/bin/make "cmTryCompileExec1966479922/fast"
/usr/bin/make -f CMakeFiles/cmTryCompileExec1966479922.dir/build.make CMakeFiles/cmTryCompileExec1966479922.dir/build
make[1]: Entering directory `/home/heinen/gazebo-personal/fifth-icub/build/CMakeFiles/CMakeTmp'
/usr/bin/cmake -E cmake_progress_report /home/heinen/gazebo-personal/fifth-icub/build/CMakeFiles/CMakeTmp/CMakeFiles 1
Building C object CMakeFiles/cmTryCompileExec1966479922.dir/CheckFunctionExists.c.o
/usr/bin/cc   -DCHECK_FUNCTION_EXISTS=pthread_create   -o CMakeFiles/cmTryCompileExec1966479922.dir/CheckFunctionExists.c.o   -c /usr/share/cmake-2.8/Modules/CheckFunctionExists.c
Linking C executable cmTryCompileExec1966479922
/usr/bin/cmake -E cmake_link_script CMakeFiles/cmTryCompileExec1966479922.dir/link.txt --verbose=1
/usr/bin/cc   -DCHECK_FUNCTION_EXISTS=pthread_create    CMakeFiles/cmTryCompileExec1966479922.dir/CheckFunctionExists.c.o  -o cmTryCompileExec1966479922 -rdynamic -lpthreads 
/usr/bin/ld: cannot find -lpthreads
collect2: error: ld returned 1 exit status
make[1]: *** [cmTryCompileExec1966479922] Error 1
make[1]: Leaving directory `/home/heinen/gazebo-personal/fifth-icub/build/CMakeFiles/CMakeTmp'
make: *** [cmTryCompileExec1966479922/fast] Error 2


Determining if the Q_WS_WIN exist failed with the following output:
Change Dir: /home/heinen/gazebo-personal/fifth-icub/build/CMakeFiles/CMakeTmp

Run Build Command:/usr/bin/make "cmTryCompileExec3599438165/fast"
/usr/bin/make -f CMakeFiles/cmTryCompileExec3599438165.dir/build.make CMakeFiles/cmTryCompileExec3599438165.dir/build
make[1]: Entering directory `/home/heinen/gazebo-personal/fifth-icub/build/CMakeFiles/CMakeTmp'
/usr/bin/cmake -E cmake_progress_report /home/heinen/gazebo-personal/fifth-icub/build/CMakeFiles/CMakeTmp/CMakeFiles 1
Building CXX object CMakeFiles/cmTryCompileExec3599438165.dir/CheckSymbolExists.cxx.o
/usr/bin/c++    -I/usr/include/qt4    -o CMakeFiles/cmTryCompileExec3599438165.dir/CheckSymbolExists.cxx.o -c /home/heinen/gazebo-personal/fifth-icub/build/CMakeFiles/CMakeTmp/CheckSymbolExists.cxx
/home/heinen/gazebo-personal/fifth-icub/build/CMakeFiles/CMakeTmp/CheckSymbolExists.cxx: In function ‘int main(int, char**)’:
/home/heinen/gazebo-personal/fifth-icub/build/CMakeFiles/CMakeTmp/CheckSymbolExists.cxx:8:19: error: ‘Q_WS_WIN’ was not declared in this scope
   return ((int*)(&Q_WS_WIN))[argc];
                   ^
make[1]: *** [CMakeFiles/cmTryCompileExec3599438165.dir/CheckSymbolExists.cxx.o] Error 1
make[1]: Leaving directory `/home/heinen/gazebo-personal/fifth-icub/build/CMakeFiles/CMakeTmp'
make: *** [cmTryCompileExec3599438165/fast] Error 2

File /home/heinen/gazebo-personal/fifth-icub/build/CMakeFiles/CMakeTmp/CheckSymbolExists.cxx:
/* */
#include <QtCore/qglobal.h>

int main(int argc, char** argv)
{
  (void)argv;
#ifndef Q_WS_WIN
  return ((int*)(&Q_WS_WIN))[argc];
#else
  (void)argc;
  return 0;
#endif
}

Determining if the Q_WS_QWS exist failed with the following output:
Change Dir: /home/heinen/gazebo-personal/fifth-icub/build/CMakeFiles/CMakeTmp

Run Build Command:/usr/bin/make "cmTryCompileExec447406061/fast"
/usr/bin/make -f CMakeFiles/cmTryCompileExec447406061.dir/build.make CMakeFiles/cmTryCompileExec447406061.dir/build
make[1]: Entering directory `/home/heinen/gazebo-personal/fifth-icub/build/CMakeFiles/CMakeTmp'
/usr/bin/cmake -E cmake_progress_report /home/heinen/gazebo-personal/fifth-icub/build/CMakeFiles/CMakeTmp/CMakeFiles 1
Building CXX object CMakeFiles/cmTryCompileExec447406061.dir/CheckSymbolExists.cxx.o
/usr/bin/c++    -I/usr/include/qt4    -o CMakeFiles/cmTryCompileExec447406061.dir/CheckSymbolExists.cxx.o -c /home/heinen/gazebo-personal/fifth-icub/build/CMakeFiles/CMakeTmp/CheckSymbolExists.cxx
/home/heinen/gazebo-personal/fifth-icub/build/CMakeFiles/CMakeTmp/CheckSymbolExists.cxx: In function ‘int main(int, char**)’:
/home/heinen/gazebo-personal/fifth-icub/build/CMakeFiles/CMakeTmp/CheckSymbolExists.cxx:8:19: error: ‘Q_WS_QWS’ was not declared in this scope
   return ((int*)(&Q_WS_QWS))[argc];
                   ^
make[1]: *** [CMakeFiles/cmTryCompileExec447406061.dir/CheckSymbolExists.cxx.o] Error 1
make[1]: Leaving directory `/home/heinen/gazebo-personal/fifth-icub/build/CMakeFiles/CMakeTmp'
make: *** [cmTryCompileExec447406061/fast] Error 2

File /home/heinen/gazebo-personal/fifth-icub/build/CMakeFiles/CMakeTmp/CheckSymbolExists.cxx:
/* */
#include <QtCore/qglobal.h>

int main(int argc, char** argv)
{
  (void)argv;
#ifndef Q_WS_QWS
  return ((int*)(&Q_WS_QWS))[argc];
#else
  (void)argc;
  return 0;
#endif
}

Determining if the Q_WS_MAC exist failed with the following output:
Change Dir: /home/heinen/gazebo-personal/fifth-icub/build/CMakeFiles/CMakeTmp

Run Build Command:/usr/bin/make "cmTryCompileExec3052988154/fast"
/usr/bin/make -f CMakeFiles/cmTryCompileExec3052988154.dir/build.make CMakeFiles/cmTryCompileExec3052988154.dir/build
make[1]: Entering directory `/home/heinen/gazebo-personal/fifth-icub/build/CMakeFiles/CMakeTmp'
/usr/bin/cmake -E cmake_progress_report /home/heinen/gazebo-personal/fifth-icub/build/CMakeFiles/CMakeTmp/CMakeFiles 1
Building CXX object CMakeFiles/cmTryCompileExec3052988154.dir/CheckSymbolExists.cxx.o
/usr/bin/c++    -I/usr/include/qt4    -o CMakeFiles/cmTryCompileExec3052988154.dir/CheckSymbolExists.cxx.o -c /home/heinen/gazebo-personal/fifth-icub/build/CMakeFiles/CMakeTmp/CheckSymbolExists.cxx
/home/heinen/gazebo-personal/fifth-icub/build/CMakeFiles/CMakeTmp/CheckSymbolExists.cxx: In function ‘int main(int, char**)’:
/home/heinen/gazebo-personal/fifth-icub/build/CMakeFiles/CMakeTmp/CheckSymbolExists.cxx:8:19: error: ‘Q_WS_MAC’ was not declared in this scope
   return ((int*)(&Q_WS_MAC))[argc];
                   ^
make[1]: *** [CMakeFiles/cmTryCompileExec3052988154.dir/CheckSymbolExists.cxx.o] Error 1
make[1]: Leaving directory `/home/heinen/gazebo-personal/fifth-icub/build/CMakeFiles/CMakeTmp'
make: *** [cmTryCompileExec3052988154/fast] Error 2

File /home/heinen/gazebo-personal/fifth-icub/build/CMakeFiles/CMakeTmp/CheckSymbolExists.cxx:
/* */
#include <QtCore/qglobal.h>

int main(int argc, char** argv)
{
  (void)argv;
#ifndef Q_WS_MAC
  return ((int*)(&Q_WS_MAC))[argc];
#else
  (void)argc;
  return 0;
#endif
}

